<?xml version="1.0" encoding="UTF-8"?>
<!-- Generated by org.testng.reporters.JUnitReportReporter -->
<testsuite hostname="Klaus" failures="0" tests="2" name="com.practice.Testng.MethodPracticeTest" time="0.045" errors="0" timestamp="18 Jul 2022 10:19:39 GMT">
  <testcase classname="com.practice.Testng.MethodPracticeTest" name="allTest" time="0.039"/>
  <testcase classname="com.practice.Testng.MethodPracticeTest" name="allTestngTests" time="0.006"/>
</testsuite> <!-- com.practice.Testng.MethodPracticeTest -->
