<?xml version="1.0" encoding="UTF-8"?>
<!-- Generated by org.testng.reporters.JUnitReportReporter -->
<testsuite hostname="Klaus" failures="0" tests="2" name="com.practice.Testng.PracticeMethodsTest" time="0.083" errors="0" timestamp="18 Jul 2022 10:00:50 GMT">
  <testcase classname="com.practice.Testng.PracticeMethodsTest" name="testngTest" time="0.077"/>
  <testcase classname="com.practice.Testng.PracticeMethodsTest" name="testngTest2" time="0.006"/>
</testsuite> <!-- com.practice.Testng.PracticeMethodsTest -->
