<?xml version="1.0" encoding="UTF-8"?>
<!-- Generated by org.testng.reporters.JUnitReportReporter -->
<testsuite hostname="Klaus" failures="0" tests="2" name="com.practice.Testng.TestngPackagesTest" time="0.055" errors="0" timestamp="18 Jul 2022 12:26:53 GMT">
  <testcase classname="com.practice.Testng.TestngPackagesTest" name="buildMethod" time="0.048"/>
  <testcase classname="com.practice.Testng.TestngPackagesTest" name="packageMethod" time="0.007"/>
</testsuite> <!-- com.practice.Testng.TestngPackagesTest -->
